<?xml version="1.0" encoding="UTF-8"?>
<!-- Generated by org.testng.reporters.JUnitReportReporter -->
<testsuite hostname="PUKSHARMA.local" name="com.appdirect.TestPackage.HomePageTest" tests="3" failures="0" timestamp="6 Apr 2017 19:10:28 GMT" time="39.676" errors="0">
  <testcase name="openLoginPage" time="9.780" classname="com.appdirect.TestPackage.HomePageTest"/>
  <testcase name="openHomePage" time="19.344" classname="com.appdirect.TestPackage.HomePageTest"/>
  <testcase name="opensignupPage" time="10.552" classname="com.appdirect.TestPackage.HomePageTest"/>
</testsuite> <!-- com.appdirect.TestPackage.HomePageTest -->
